<?xml version="1.0" encoding="UTF-8"?>
<!-- Generated by org.testng.reporters.JUnitXMLReporter -->
<testsuite ignored="0" hostname="DESKTOP-C2QNF7A" failures="0" tests="12" name="Test" time="195.308" errors="0" timestamp="2024-02-29T16:55:22 IST">
  <testcase classname="com.entrata.qa.testcases.WatchDemoTest" name="@BeforeMethod setUp" time="23.369">
    <failure type="org.openqa.selenium.TimeoutException" message="timeout: Timed out receiving message from renderer: 19.673
  (Session info: chrome=122.0.6261.70)
Build info: version: &amp;apos;3.14.0&amp;apos;, revision: &amp;apos;aacccce0&amp;apos;, time: &amp;apos;2018-08-02T20:19:58.91Z&amp;apos;
System info: host: &amp;apos;DESKTOP-C2QNF7A&amp;apos;, ip: &amp;apos;192.168.29.46&amp;apos;, os.name: &amp;apos;Windows 10&amp;apos;, os.arch: &amp;apos;amd64&amp;apos;, os.version: &amp;apos;10.0&amp;apos;, java.version: &amp;apos;17.0.10&amp;apos;
Driver info: org.openqa.selenium.chrome.ChromeDriver
Capabilities {acceptInsecureCerts: false, browserName: chrome, browserVersion: 122.0.6261.70, chrome: {chromedriverVersion: 122.0.6261.69 (81bc525b6a36..., userDataDir: C:\Users\Admin\AppData\Loca...}, fedcm:accounts: true, goog:chromeOptions: {debuggerAddress: localhost:56589}, javascriptEnabled: true, networkConnectionEnabled: false, pageLoadStrategy: normal, platform: WINDOWS, platformName: WINDOWS, proxy: Proxy(), setWindowRect: true, strictFileInteractability: false, timeouts: {implicit: 0, pageLoad: 300000, script: 30000}, unhandledPromptBehavior: dismiss and notify, webauthn:extension:credBlob: true, webauthn:extension:largeBlob: true, webauthn:extension:minPinLength: true, webauthn:extension:prf: true, webauthn:virtualAuthenticators: true}
Session ID: d1b383c18f82b77262c779093ac93e60">
      <![CDATA[org.openqa.selenium.TimeoutException: timeout: Timed out receiving message from renderer: 19.673
  (Session info: chrome=122.0.6261.70)
Build info: version: '3.14.0', revision: 'aacccce0', time: '2018-08-02T20:19:58.91Z'
System info: host: 'DESKTOP-C2QNF7A', ip: '192.168.29.46', os.name: 'Windows 10', os.arch: 'amd64', os.version: '10.0', java.version: '17.0.10'
Driver info: org.openqa.selenium.chrome.ChromeDriver
Capabilities {acceptInsecureCerts: false, browserName: chrome, browserVersion: 122.0.6261.70, chrome: {chromedriverVersion: 122.0.6261.69 (81bc525b6a36..., userDataDir: C:\Users\Admin\AppData\Loca...}, fedcm:accounts: true, goog:chromeOptions: {debuggerAddress: localhost:56589}, javascriptEnabled: true, networkConnectionEnabled: false, pageLoadStrategy: normal, platform: WINDOWS, platformName: WINDOWS, proxy: Proxy(), setWindowRect: true, strictFileInteractability: false, timeouts: {implicit: 0, pageLoad: 300000, script: 30000}, unhandledPromptBehavior: dismiss and notify, webauthn:extension:credBlob: true, webauthn:extension:largeBlob: true, webauthn:extension:minPinLength: true, webauthn:extension:prf: true, webauthn:virtualAuthenticators: true}
Session ID: d1b383c18f82b77262c779093ac93e60
at org.openqa.selenium.remote.http.W3CHttpResponseCodec.createException(W3CHttpResponseCodec.java:187)
at org.openqa.selenium.remote.http.W3CHttpResponseCodec.decode(W3CHttpResponseCodec.java:122)
at org.openqa.selenium.remote.http.W3CHttpResponseCodec.decode(W3CHttpResponseCodec.java:49)
at org.openqa.selenium.remote.HttpCommandExecutor.execute(HttpCommandExecutor.java:158)
at org.openqa.selenium.remote.service.DriverCommandExecutor.execute(DriverCommandExecutor.java:83)
at org.openqa.selenium.remote.RemoteWebDriver.execute(RemoteWebDriver.java:548)
at org.openqa.selenium.remote.RemoteWebDriver.get(RemoteWebDriver.java:276)
at org.openqa.selenium.support.events.EventFiringWebDriver.lambda$new$1(EventFiringWebDriver.java:105)
at jdk.proxy2/jdk.proxy2.$Proxy10.get(Unknown Source)
at org.openqa.selenium.support.events.EventFiringWebDriver.get(EventFiringWebDriver.java:165)
at com.entrata.qa.base.TestBase.initialization(TestBase.java:63)
at com.entrata.qa.testcases.WatchDemoTest.setUp(WatchDemoTest.java:27)
at java.base/java.util.ArrayList.forEach(ArrayList.java:1511)
... Removed 40 stack frames]]>
    </failure>
  </testcase> <!-- @BeforeMethod setUp -->
  <testcase classname="com.entrata.qa.testcases.WatchDemoTest" name="@AfterMethod tearDown" time="-1.709205750483E9">
    <skipped/>
  </testcase> <!-- @AfterMethod tearDown -->
  <testcase classname="com.entrata.qa.testcases.WatchDemoTest" name="@BeforeMethod setUp" time="-1.709205750494E9">
    <skipped/>
  </testcase> <!-- @BeforeMethod setUp -->
  <testcase classname="com.entrata.qa.testcases.WatchDemoTest" name="@AfterMethod tearDown" time="-1.709205750511E9">
    <skipped/>
  </testcase> <!-- @AfterMethod tearDown -->
  <testcase classname="com.entrata.qa.testcases.WatchDemoTest" name="enterdata" time="0.0">
    <skipped/>
  </testcase> <!-- enterdata -->
  <testcase classname="com.entrata.qa.testcases.WatchDemoTest" name="verifyproductsLabel" time="0.0">
    <skipped/>
  </testcase> <!-- verifyproductsLabel -->
  <testcase classname="com.entrata.qa.testcases.HomePageTest" name="verifyEntratalogo" time="0.323"/>
  <testcase classname="com.entrata.qa.testcases.HomePageTest" name="verifyHomePageTitleTest" time="0.12"/>
  <testcase classname="com.entrata.qa.testcases.HomePageTest" name="verifyproductsLabel" time="12.345"/>
  <testcase classname="com.entrata.qa.testcases.HomePageTest" name="verifySolutionsLabel" time="0.281"/>
  <testcase classname="com.entrata.qa.testcases.HomePageTest" name="verifyResourcesLabel" time="0.163"/>
  <testcase classname="com.entrata.qa.testcases.HomePageTest" name="verifyBasecampLabel" time="0.444"/>
  <testcase classname="com.entrata.qa.testcases.HomePageTest" name="verifycontactButton" time="3.691"/>
  <testcase classname="com.entrata.qa.testcases.HomePageTest" name="clickOnwatchDemobutton" time="4.924"/>
  <testcase classname="com.entrata.qa.testcases.SignInTest" name="verifySignInPageTitle" time="0.016"/>
  <testcase classname="com.entrata.qa.testcases.SignInTest" name="verifyResidentLoginbutton" time="0.912"/>
</testsuite> <!-- Test -->
